1
0
1
ASSEMBLY
1
BEAM
BEAM
1
BEAM
501
1 1
2 2
3 3
4 4
5 5
6 6
7 7
8 8
9 9
10 10
11 11
12 12
13 13
14 14
15 15
16 16
17 17
18 18
19 19
20 20
21 21
22 22
23 23
24 24
25 25
26 26
27 27
28 28
29 29
30 30
31 31
32 32
33 33
34 34
35 35
36 36
37 37
38 38
39 39
40 40
41 41
42 42
43 43
44 44
45 45
46 46
47 47
48 48
49 49
50 50
51 51
52 52
53 53
54 54
55 55
56 56
57 57
58 58
59 59
60 60
61 61
62 62
63 63
64 64
65 65
66 66
67 67
68 68
69 69
70 70
71 71
72 72
73 73
74 74
75 75
76 76
77 77
78 78
79 79
80 80
81 81
82 82
83 83
84 84
85 85
86 86
87 87
88 88
89 89
90 90
91 91
92 92
93 93
94 94
95 95
96 96
97 97
98 98
99 99
100 100
101 101
102 102
103 103
104 104
105 105
106 106
107 107
108 108
109 109
110 110
111 111
112 112
113 113
114 114
115 115
116 116
117 117
118 118
119 119
120 120
121 121
122 122
123 123
124 124
125 125
126 126
127 127
128 128
129 129
130 130
131 131
132 132
133 133
134 134
135 135
136 136
137 137
138 138
139 139
140 140
141 141
142 142
143 143
144 144
145 145
146 146
147 147
148 148
149 149
150 150
151 151
152 152
153 153
154 154
155 155
156 156
157 157
158 158
159 159
160 160
161 161
162 162
163 163
164 164
165 165
166 166
167 167
168 168
169 169
170 170
171 171
172 172
173 173
174 174
175 175
176 176
177 177
178 178
179 179
180 180
181 181
182 182
183 183
184 184
185 185
186 186
187 187
188 188
189 189
190 190
191 191
192 192
193 193
194 194
195 195
196 196
197 197
198 198
199 199
200 200
201 201
202 202
203 203
204 204
205 205
206 206
207 207
208 208
209 209
210 210
211 211
212 212
213 213
214 214
215 215
216 216
217 217
218 218
219 219
220 220
221 221
222 222
223 223
224 224
225 225
226 226
227 227
228 228
229 229
230 230
231 231
232 232
233 233
234 234
235 235
236 236
237 237
238 238
239 239
240 240
241 241
242 242
243 243
244 244
245 245
246 246
247 247
248 248
249 249
250 250
251 251
252 252
253 253
254 254
255 255
256 256
257 257
258 258
259 259
260 260
261 261
262 262
263 263
264 264
265 265
266 266
267 267
268 268
269 269
270 270
271 271
272 272
273 273
274 274
275 275
276 276
277 277
278 278
279 279
280 280
281 281
282 282
283 283
284 284
285 285
286 286
287 287
288 288
289 289
290 290
291 291
292 292
293 293
294 294
295 295
296 296
297 297
298 298
299 299
300 300
301 301
302 302
303 303
304 304
305 305
306 306
307 307
308 308
309 309
310 310
311 311
312 312
313 313
314 314
315 315
316 316
317 317
318 318
319 319
320 320
321 321
322 322
323 323
324 324
325 325
326 326
327 327
328 328
329 329
330 330
331 331
332 332
333 333
334 334
335 335
336 336
337 337
338 338
339 339
340 340
341 341
342 342
343 343
344 344
345 345
346 346
347 347
348 348
349 349
350 350
351 351
352 352
353 353
354 354
355 355
356 356
357 357
358 358
359 359
360 360
361 361
362 362
363 363
364 364
365 365
366 366
367 367
368 368
369 369
370 370
371 371
372 372
373 373
374 374
375 375
376 376
377 377
378 378
379 379
380 380
381 381
382 382
383 383
384 384
385 385
386 386
387 387
388 388
389 389
390 390
391 391
392 392
393 393
394 394
395 395
396 396
397 397
398 398
399 399
400 400
401 401
402 402
403 403
404 404
405 405
406 406
407 407
408 408
409 409
410 410
411 411
412 412
413 413
414 414
415 415
416 416
417 417
418 418
419 419
420 420
421 421
422 422
423 423
424 424
425 425
426 426
427 427
428 428
429 429
430 430
431 431
432 432
433 433
434 434
435 435
436 436
437 437
438 438
439 439
440 440
441 441
442 442
443 443
444 444
445 445
446 446
447 447
448 448
449 449
450 450
451 451
452 452
453 453
454 454
455 455
456 456
457 457
458 458
459 459
460 460
461 461
462 462
463 463
464 464
465 465
466 466
467 467
468 468
469 469
470 470
471 471
472 472
473 473
474 474
475 475
476 476
477 477
478 478
479 479
480 480
481 481
482 482
483 483
484 484
485 485
486 486
487 487
488 488
489 489
490 490
491 491
492 492
493 493
494 494
495 495
496 496
497 497
498 498
499 499
500 500
501 501
1 1
2 2
3 3
4 4
5 5
6 6
7 7
8 8
9 9
10 10
11 11
12 12
13 13
14 14
15 15
16 16
17 17
18 18
19 19
20 20
21 21
22 22
23 23
24 24
25 25
26 26
27 27
28 28
29 29
30 30
31 31
32 32
33 33
34 34
35 35
36 36
37 37
38 38
39 39
40 40
41 41
42 42
43 43
44 44
45 45
46 46
47 47
48 48
49 49
50 50
51 51
52 52
53 53
54 54
55 55
56 56
57 57
58 58
59 59
60 60
61 61
62 62
63 63
64 64
65 65
66 66
67 67
68 68
69 69
70 70
71 71
72 72
73 73
74 74
75 75
76 76
77 77
78 78
79 79
80 80
81 81
82 82
83 83
84 84
85 85
86 86
87 87
88 88
89 89
90 90
91 91
92 92
93 93
94 94
95 95
96 96
97 97
98 98
99 99
100 100
101 101
102 102
103 103
104 104
105 105
106 106
107 107
108 108
109 109
110 110
111 111
112 112
113 113
114 114
115 115
116 116
117 117
118 118
119 119
120 120
121 121
122 122
123 123
124 124
125 125
126 126
127 127
128 128
129 129
130 130
131 131
132 132
133 133
134 134
135 135
136 136
137 137
138 138
139 139
140 140
141 141
142 142
143 143
144 144
145 145
146 146
147 147
148 148
149 149
150 150
151 151
152 152
153 153
154 154
155 155
156 156
157 157
158 158
159 159
160 160
161 161
162 162
163 163
164 164
165 165
166 166
167 167
168 168
169 169
170 170
171 171
172 172
173 173
174 174
175 175
176 176
177 177
178 178
179 179
180 180
181 181
182 182
183 183
184 184
185 185
186 186
187 187
188 188
189 189
190 190
191 191
192 192
193 193
194 194
195 195
196 196
197 197
198 198
199 199
200 200
201 201
202 202
203 203
204 204
205 205
206 206
207 207
208 208
209 209
210 210
211 211
212 212
213 213
214 214
215 215
216 216
217 217
218 218
219 219
220 220
221 221
222 222
223 223
224 224
225 225
226 226
227 227
228 228
229 229
230 230
231 231
232 232
233 233
234 234
235 235
236 236
237 237
238 238
239 239
240 240
241 241
242 242
243 243
244 244
245 245
246 246
247 247
248 248
249 249
250 250
251 251
252 252
253 253
254 254
255 255
256 256
257 257
258 258
259 259
260 260
261 261
262 262
263 263
264 264
265 265
266 266
267 267
268 268
269 269
270 270
271 271
272 272
273 273
274 274
275 275
276 276
277 277
278 278
279 279
280 280
281 281
282 282
283 283
284 284
285 285
286 286
287 287
288 288
289 289
290 290
291 291
292 292
293 293
294 294
295 295
296 296
297 297
298 298
299 299
300 300
301 301
302 302
303 303
304 304
305 305
306 306
307 307
308 308
309 309
310 310
311 311
312 312
313 313
314 314
315 315
316 316
317 317
318 318
319 319
320 320
321 321
322 322
323 323
324 324
325 325
326 326
327 327
328 328
329 329
330 330
331 331
332 332
333 333
334 334
335 335
336 336
337 337
338 338
339 339
340 340
341 341
342 342
343 343
344 344
345 345
346 346
347 347
348 348
349 349
350 350
351 351
352 352
353 353
354 354
355 355
356 356
357 357
358 358
359 359
360 360
361 361
362 362
363 363
364 364
365 365
366 366
367 367
368 368
369 369
370 370
371 371
372 372
373 373
374 374
375 375
376 376
377 377
378 378
379 379
380 380
381 381
382 382
383 383
384 384
385 385
386 386
387 387
388 388
389 389
390 390
391 391
392 392
393 393
394 394
395 395
396 396
397 397
398 398
399 399
400 400
401 401
402 402
403 403
404 404
405 405
406 406
407 407
408 408
409 409
410 410
411 411
412 412
413 413
414 414
415 415
416 416
417 417
418 418
419 419
420 420
421 421
422 422
423 423
424 424
425 425
426 426
427 427
428 428
429 429
430 430
431 431
432 432
433 433
434 434
435 435
436 436
437 437
438 438
439 439
440 440
441 441
442 442
443 443
444 444
445 445
446 446
447 447
448 448
449 449
450 450
451 451
452 452
453 453
454 454
455 455
456 456
457 457
458 458
459 459
460 460
461 461
462 462
463 463
464 464
465 465
466 466
467 467
468 468
469 469
470 470
471 471
472 472
473 473
474 474
475 475
476 476
477 477
478 478
479 479
480 480
481 481
482 482
483 483
484 484
485 485
486 486
487 487
488 488
489 489
490 490
491 491
492 492
493 493
494 494
495 495
496 496
497 497
498 498
499 499
500 500
501 501
0
1
BEAM
500
1 1
2 2
3 3
4 4
5 5
6 6
7 7
8 8
9 9
10 10
11 11
12 12
13 13
14 14
15 15
16 16
17 17
18 18
19 19
20 20
21 21
22 22
23 23
24 24
25 25
26 26
27 27
28 28
29 29
30 30
31 31
32 32
33 33
34 34
35 35
36 36
37 37
38 38
39 39
40 40
41 41
42 42
43 43
44 44
45 45
46 46
47 47
48 48
49 49
50 50
51 51
52 52
53 53
54 54
55 55
56 56
57 57
58 58
59 59
60 60
61 61
62 62
63 63
64 64
65 65
66 66
67 67
68 68
69 69
70 70
71 71
72 72
73 73
74 74
75 75
76 76
77 77
78 78
79 79
80 80
81 81
82 82
83 83
84 84
85 85
86 86
87 87
88 88
89 89
90 90
91 91
92 92
93 93
94 94
95 95
96 96
97 97
98 98
99 99
100 100
101 101
102 102
103 103
104 104
105 105
106 106
107 107
108 108
109 109
110 110
111 111
112 112
113 113
114 114
115 115
116 116
117 117
118 118
119 119
120 120
121 121
122 122
123 123
124 124
125 125
126 126
127 127
128 128
129 129
130 130
131 131
132 132
133 133
134 134
135 135
136 136
137 137
138 138
139 139
140 140
141 141
142 142
143 143
144 144
145 145
146 146
147 147
148 148
149 149
150 150
151 151
152 152
153 153
154 154
155 155
156 156
157 157
158 158
159 159
160 160
161 161
162 162
163 163
164 164
165 165
166 166
167 167
168 168
169 169
170 170
171 171
172 172
173 173
174 174
175 175
176 176
177 177
178 178
179 179
180 180
181 181
182 182
183 183
184 184
185 185
186 186
187 187
188 188
189 189
190 190
191 191
192 192
193 193
194 194
195 195
196 196
197 197
198 198
199 199
200 200
201 201
202 202
203 203
204 204
205 205
206 206
207 207
208 208
209 209
210 210
211 211
212 212
213 213
214 214
215 215
216 216
217 217
218 218
219 219
220 220
221 221
222 222
223 223
224 224
225 225
226 226
227 227
228 228
229 229
230 230
231 231
232 232
233 233
234 234
235 235
236 236
237 237
238 238
239 239
240 240
241 241
242 242
243 243
244 244
245 245
246 246
247 247
248 248
249 249
250 250
251 251
252 252
253 253
254 254
255 255
256 256
257 257
258 258
259 259
260 260
261 261
262 262
263 263
264 264
265 265
266 266
267 267
268 268
269 269
270 270
271 271
272 272
273 273
274 274
275 275
276 276
277 277
278 278
279 279
280 280
281 281
282 282
283 283
284 284
285 285
286 286
287 287
288 288
289 289
290 290
291 291
292 292
293 293
294 294
295 295
296 296
297 297
298 298
299 299
300 300
301 301
302 302
303 303
304 304
305 305
306 306
307 307
308 308
309 309
310 310
311 311
312 312
313 313
314 314
315 315
316 316
317 317
318 318
319 319
320 320
321 321
322 322
323 323
324 324
325 325
326 326
327 327
328 328
329 329
330 330
331 331
332 332
333 333
334 334
335 335
336 336
337 337
338 338
339 339
340 340
341 341
342 342
343 343
344 344
345 345
346 346
347 347
348 348
349 349
350 350
351 351
352 352
353 353
354 354
355 355
356 356
357 357
358 358
359 359
360 360
361 361
362 362
363 363
364 364
365 365
366 366
367 367
368 368
369 369
370 370
371 371
372 372
373 373
374 374
375 375
376 376
377 377
378 378
379 379
380 380
381 381
382 382
383 383
384 384
385 385
386 386
387 387
388 388
389 389
390 390
391 391
392 392
393 393
394 394
395 395
396 396
397 397
398 398
399 399
400 400
401 401
402 402
403 403
404 404
405 405
406 406
407 407
408 408
409 409
410 410
411 411
412 412
413 413
414 414
415 415
416 416
417 417
418 418
419 419
420 420
421 421
422 422
423 423
424 424
425 425
426 426
427 427
428 428
429 429
430 430
431 431
432 432
433 433
434 434
435 435
436 436
437 437
438 438
439 439
440 440
441 441
442 442
443 443
444 444
445 445
446 446
447 447
448 448
449 449
450 450
451 451
452 452
453 453
454 454
455 455
456 456
457 457
458 458
459 459
460 460
461 461
462 462
463 463
464 464
465 465
466 466
467 467
468 468
469 469
470 470
471 471
472 472
473 473
474 474
475 475
476 476
477 477
478 478
479 479
480 480
481 481
482 482
483 483
484 484
485 485
486 486
487 487
488 488
489 489
490 490
491 491
492 492
493 493
494 494
495 495
496 496
497 497
498 498
499 499
500 500
1 1
2 2
3 3
4 4
5 5
6 6
7 7
8 8
9 9
10 10
11 11
12 12
13 13
14 14
15 15
16 16
17 17
18 18
19 19
20 20
21 21
22 22
23 23
24 24
25 25
26 26
27 27
28 28
29 29
30 30
31 31
32 32
33 33
34 34
35 35
36 36
37 37
38 38
39 39
40 40
41 41
42 42
43 43
44 44
45 45
46 46
47 47
48 48
49 49
50 50
51 51
52 52
53 53
54 54
55 55
56 56
57 57
58 58
59 59
60 60
61 61
62 62
63 63
64 64
65 65
66 66
67 67
68 68
69 69
70 70
71 71
72 72
73 73
74 74
75 75
76 76
77 77
78 78
79 79
80 80
81 81
82 82
83 83
84 84
85 85
86 86
87 87
88 88
89 89
90 90
91 91
92 92
93 93
94 94
95 95
96 96
97 97
98 98
99 99
100 100
101 101
102 102
103 103
104 104
105 105
106 106
107 107
108 108
109 109
110 110
111 111
112 112
113 113
114 114
115 115
116 116
117 117
118 118
119 119
120 120
121 121
122 122
123 123
124 124
125 125
126 126
127 127
128 128
129 129
130 130
131 131
132 132
133 133
134 134
135 135
136 136
137 137
138 138
139 139
140 140
141 141
142 142
143 143
144 144
145 145
146 146
147 147
148 148
149 149
150 150
151 151
152 152
153 153
154 154
155 155
156 156
157 157
158 158
159 159
160 160
161 161
162 162
163 163
164 164
165 165
166 166
167 167
168 168
169 169
170 170
171 171
172 172
173 173
174 174
175 175
176 176
177 177
178 178
179 179
180 180
181 181
182 182
183 183
184 184
185 185
186 186
187 187
188 188
189 189
190 190
191 191
192 192
193 193
194 194
195 195
196 196
197 197
198 198
199 199
200 200
201 201
202 202
203 203
204 204
205 205
206 206
207 207
208 208
209 209
210 210
211 211
212 212
213 213
214 214
215 215
216 216
217 217
218 218
219 219
220 220
221 221
222 222
223 223
224 224
225 225
226 226
227 227
228 228
229 229
230 230
231 231
232 232
233 233
234 234
235 235
236 236
237 237
238 238
239 239
240 240
241 241
242 242
243 243
244 244
245 245
246 246
247 247
248 248
249 249
250 250
251 251
252 252
253 253
254 254
255 255
256 256
257 257
258 258
259 259
260 260
261 261
262 262
263 263
264 264
265 265
266 266
267 267
268 268
269 269
270 270
271 271
272 272
273 273
274 274
275 275
276 276
277 277
278 278
279 279
280 280
281 281
282 282
283 283
284 284
285 285
286 286
287 287
288 288
289 289
290 290
291 291
292 292
293 293
294 294
295 295
296 296
297 297
298 298
299 299
300 300
301 301
302 302
303 303
304 304
305 305
306 306
307 307
308 308
309 309
310 310
311 311
312 312
313 313
314 314
315 315
316 316
317 317
318 318
319 319
320 320
321 321
322 322
323 323
324 324
325 325
326 326
327 327
328 328
329 329
330 330
331 331
332 332
333 333
334 334
335 335
336 336
337 337
338 338
339 339
340 340
341 341
342 342
343 343
344 344
345 345
346 346
347 347
348 348
349 349
350 350
351 351
352 352
353 353
354 354
355 355
356 356
357 357
358 358
359 359
360 360
361 361
362 362
363 363
364 364
365 365
366 366
367 367
368 368
369 369
370 370
371 371
372 372
373 373
374 374
375 375
376 376
377 377
378 378
379 379
380 380
381 381
382 382
383 383
384 384
385 385
386 386
387 387
388 388
389 389
390 390
391 391
392 392
393 393
394 394
395 395
396 396
397 397
398 398
399 399
400 400
401 401
402 402
403 403
404 404
405 405
406 406
407 407
408 408
409 409
410 410
411 411
412 412
413 413
414 414
415 415
416 416
417 417
418 418
419 419
420 420
421 421
422 422
423 423
424 424
425 425
426 426
427 427
428 428
429 429
430 430
431 431
432 432
433 433
434 434
435 435
436 436
437 437
438 438
439 439
440 440
441 441
442 442
443 443
444 444
445 445
446 446
447 447
448 448
449 449
450 450
451 451
452 452
453 453
454 454
455 455
456 456
457 457
458 458
459 459
460 460
461 461
462 462
463 463
464 464
465 465
466 466
467 467
468 468
469 469
470 470
471 471
472 472
473 473
474 474
475 475
476 476
477 477
478 478
479 479
480 480
481 481
482 482
483 483
484 484
485 485
486 486
487 487
488 488
489 489
490 490
491 491
492 492
493 493
494 494
495 495
496 496
497 497
498 498
499 499
500 500
0
0
1
BEAM
100
SET-0
0
1
5
1 2 3 4 5 
0
0
SET-1
0
1
5
6 7 8 9 10 
0
0
SET-10
0
1
5
51 52 53 54 55 
0
0
SET-11
0
1
5
56 57 58 59 60 
0
0
SET-12
0
1
5
61 62 63 64 65 
0
0
SET-13
0
1
5
66 67 68 69 70 
0
0
SET-14
0
1
5
71 72 73 74 75 
0
0
SET-15
0
1
5
76 77 78 79 80 
0
0
SET-16
0
1
5
81 82 83 84 85 
0
0
SET-17
0
1
5
86 87 88 89 90 
0
0
SET-18
0
1
5
91 92 93 94 95 
0
0
SET-19
0
1
5
96 97 98 99 100 
0
0
SET-2
0
1
5
11 12 13 14 15 
0
0
SET-20
0
1
5
101 102 103 104 105 
0
0
SET-21
0
1
5
106 107 108 109 110 
0
0
SET-22
0
1
5
111 112 113 114 115 
0
0
SET-23
0
1
5
116 117 118 119 120 
0
0
SET-24
0
1
5
121 122 123 124 125 
0
0
SET-25
0
1
5
126 127 128 129 130 
0
0
SET-26
0
1
5
131 132 133 134 135 
0
0
SET-27
0
1
5
136 137 138 139 140 
0
0
SET-28
0
1
5
141 142 143 144 145 
0
0
SET-29
0
1
5
146 147 148 149 150 
0
0
SET-3
0
1
5
16 17 18 19 20 
0
0
SET-30
0
1
5
151 152 153 154 155 
0
0
SET-31
0
1
5
156 157 158 159 160 
0
0
SET-32
0
1
5
161 162 163 164 165 
0
0
SET-33
0
1
5
166 167 168 169 170 
0
0
SET-34
0
1
5
171 172 173 174 175 
0
0
SET-35
0
1
5
176 177 178 179 180 
0
0
SET-36
0
1
5
181 182 183 184 185 
0
0
SET-37
0
1
5
186 187 188 189 190 
0
0
SET-38
0
1
5
191 192 193 194 195 
0
0
SET-39
0
1
5
196 197 198 199 200 
0
0
SET-4
0
1
5
21 22 23 24 25 
0
0
SET-40
0
1
5
201 202 203 204 205 
0
0
SET-41
0
1
5
206 207 208 209 210 
0
0
SET-42
0
1
5
211 212 213 214 215 
0
0
SET-43
0
1
5
216 217 218 219 220 
0
0
SET-44
0
1
5
221 222 223 224 225 
0
0
SET-45
0
1
5
226 227 228 229 230 
0
0
SET-46
0
1
5
231 232 233 234 235 
0
0
SET-47
0
1
5
236 237 238 239 240 
0
0
SET-48
0
1
5
241 242 243 244 245 
0
0
SET-49
0
1
5
246 247 248 249 250 
0
0
SET-5
0
1
5
26 27 28 29 30 
0
0
SET-50
0
1
5
251 252 253 254 255 
0
0
SET-51
0
1
5
256 257 258 259 260 
0
0
SET-52
0
1
5
261 262 263 264 265 
0
0
SET-53
0
1
5
266 267 268 269 270 
0
0
SET-54
0
1
5
271 272 273 274 275 
0
0
SET-55
0
1
5
276 277 278 279 280 
0
0
SET-56
0
1
5
281 282 283 284 285 
0
0
SET-57
0
1
5
286 287 288 289 290 
0
0
SET-58
0
1
5
291 292 293 294 295 
0
0
SET-59
0
1
5
296 297 298 299 300 
0
0
SET-6
0
1
5
31 32 33 34 35 
0
0
SET-60
0
1
5
301 302 303 304 305 
0
0
SET-61
0
1
5
306 307 308 309 310 
0
0
SET-62
0
1
5
311 312 313 314 315 
0
0
SET-63
0
1
5
316 317 318 319 320 
0
0
SET-64
0
1
5
321 322 323 324 325 
0
0
SET-65
0
1
5
326 327 328 329 330 
0
0
SET-66
0
1
5
331 332 333 334 335 
0
0
SET-67
0
1
5
336 337 338 339 340 
0
0
SET-68
0
1
5
341 342 343 344 345 
0
0
SET-69
0
1
5
346 347 348 349 350 
0
0
SET-7
0
1
5
36 37 38 39 40 
0
0
SET-70
0
1
5
351 352 353 354 355 
0
0
SET-71
0
1
5
356 357 358 359 360 
0
0
SET-72
0
1
5
361 362 363 364 365 
0
0
SET-73
0
1
5
366 367 368 369 370 
0
0
SET-74
0
1
5
371 372 373 374 375 
0
0
SET-75
0
1
5
376 377 378 379 380 
0
0
SET-76
0
1
5
381 382 383 384 385 
0
0
SET-77
0
1
5
386 387 388 389 390 
0
0
SET-78
0
1
5
391 392 393 394 395 
0
0
SET-79
0
1
5
396 397 398 399 400 
0
0
SET-8
0
1
5
41 42 43 44 45 
0
0
SET-80
0
1
5
401 402 403 404 405 
0
0
SET-81
0
1
5
406 407 408 409 410 
0
0
SET-82
0
1
5
411 412 413 414 415 
0
0
SET-83
0
1
5
416 417 418 419 420 
0
0
SET-84
0
1
5
421 422 423 424 425 
0
0
SET-85
0
1
5
426 427 428 429 430 
0
0
SET-86
0
1
5
431 432 433 434 435 
0
0
SET-87
0
1
5
436 437 438 439 440 
0
0
SET-88
0
1
5
441 442 443 444 445 
0
0
SET-89
0
1
5
446 447 448 449 450 
0
0
SET-9
0
1
5
46 47 48 49 50 
0
0
SET-90
0
1
5
451 452 453 454 455 
0
0
SET-91
0
1
5
456 457 458 459 460 
0
0
SET-92
0
1
5
461 462 463 464 465 
0
0
SET-93
0
1
5
466 467 468 469 470 
0
0
SET-94
0
1
5
471 472 473 474 475 
0
0
SET-95
0
1
5
476 477 478 479 480 
0
0
SET-96
0
1
5
481 482 483 484 485 
0
0
SET-97
0
1
5
486 487 488 489 490 
0
0
SET-98
0
1
5
491 492 493 494 495 
0
0
SET-99
0
1
5
496 497 498 499 500 
0
0
0
2
LOAD_SET
0
1
0
1
BEAM
1
101 
0
PICK_NODE
0
1
0
1
BEAM
1
31 
0
1
BEAM
100
SET-0
0
1
6
1 2 102 103 104 105 
0
0
SET-1
0
1
6
2 3 106 107 108 109 
0
0
SET-10
0
1
6
11 12 142 143 144 145 
0
0
SET-11
0
1
6
12 13 146 147 148 149 
0
0
SET-12
0
1
6
13 14 150 151 152 153 
0
0
SET-13
0
1
6
14 15 154 155 156 157 
0
0
SET-14
0
1
6
15 16 158 159 160 161 
0
0
SET-15
0
1
6
16 17 162 163 164 165 
0
0
SET-16
0
1
6
17 18 166 167 168 169 
0
0
SET-17
0
1
6
18 19 170 171 172 173 
0
0
SET-18
0
1
6
19 20 174 175 176 177 
0
0
SET-19
0
1
6
20 21 178 179 180 181 
0
0
SET-2
0
1
6
3 4 110 111 112 113 
0
0
SET-20
0
1
6
21 22 182 183 184 185 
0
0
SET-21
0
1
6
22 23 186 187 188 189 
0
0
SET-22
0
1
6
23 24 190 191 192 193 
0
0
SET-23
0
1
6
24 25 194 195 196 197 
0
0
SET-24
0
1
6
25 26 198 199 200 201 
0
0
SET-25
0
1
6
26 27 202 203 204 205 
0
0
SET-26
0
1
6
27 28 206 207 208 209 
0
0
SET-27
0
1
6
28 29 210 211 212 213 
0
0
SET-28
0
1
6
29 30 214 215 216 217 
0
0
SET-29
0
1
6
30 31 218 219 220 221 
0
0
SET-3
0
1
6
4 5 114 115 116 117 
0
0
SET-30
0
1
6
31 32 222 223 224 225 
0
0
SET-31
0
1
6
32 33 226 227 228 229 
0
0
SET-32
0
1
6
33 34 230 231 232 233 
0
0
SET-33
0
1
6
34 35 234 235 236 237 
0
0
SET-34
0
1
6
35 36 238 239 240 241 
0
0
SET-35
0
1
6
36 37 242 243 244 245 
0
0
SET-36
0
1
6
37 38 246 247 248 249 
0
0
SET-37
0
1
6
38 39 250 251 252 253 
0
0
SET-38
0
1
6
39 40 254 255 256 257 
0
0
SET-39
0
1
6
40 41 258 259 260 261 
0
0
SET-4
0
1
6
5 6 118 119 120 121 
0
0
SET-40
0
1
6
41 42 262 263 264 265 
0
0
SET-41
0
1
6
42 43 266 267 268 269 
0
0
SET-42
0
1
6
43 44 270 271 272 273 
0
0
SET-43
0
1
6
44 45 274 275 276 277 
0
0
SET-44
0
1
6
45 46 278 279 280 281 
0
0
SET-45
0
1
6
46 47 282 283 284 285 
0
0
SET-46
0
1
6
47 48 286 287 288 289 
0
0
SET-47
0
1
6
48 49 290 291 292 293 
0
0
SET-48
0
1
6
49 50 294 295 296 297 
0
0
SET-49
0
1
6
50 51 298 299 300 301 
0
0
SET-5
0
1
6
6 7 122 123 124 125 
0
0
SET-50
0
1
6
51 52 302 303 304 305 
0
0
SET-51
0
1
6
52 53 306 307 308 309 
0
0
SET-52
0
1
6
53 54 310 311 312 313 
0
0
SET-53
0
1
6
54 55 314 315 316 317 
0
0
SET-54
0
1
6
55 56 318 319 320 321 
0
0
SET-55
0
1
6
56 57 322 323 324 325 
0
0
SET-56
0
1
6
57 58 326 327 328 329 
0
0
SET-57
0
1
6
58 59 330 331 332 333 
0
0
SET-58
0
1
6
59 60 334 335 336 337 
0
0
SET-59
0
1
6
60 61 338 339 340 341 
0
0
SET-6
0
1
6
7 8 126 127 128 129 
0
0
SET-60
0
1
6
61 62 342 343 344 345 
0
0
SET-61
0
1
6
62 63 346 347 348 349 
0
0
SET-62
0
1
6
63 64 350 351 352 353 
0
0
SET-63
0
1
6
64 65 354 355 356 357 
0
0
SET-64
0
1
6
65 66 358 359 360 361 
0
0
SET-65
0
1
6
66 67 362 363 364 365 
0
0
SET-66
0
1
6
67 68 366 367 368 369 
0
0
SET-67
0
1
6
68 69 370 371 372 373 
0
0
SET-68
0
1
6
69 70 374 375 376 377 
0
0
SET-69
0
1
6
70 71 378 379 380 381 
0
0
SET-7
0
1
6
8 9 130 131 132 133 
0
0
SET-70
0
1
6
71 72 382 383 384 385 
0
0
SET-71
0
1
6
72 73 386 387 388 389 
0
0
SET-72
0
1
6
73 74 390 391 392 393 
0
0
SET-73
0
1
6
74 75 394 395 396 397 
0
0
SET-74
0
1
6
75 76 398 399 400 401 
0
0
SET-75
0
1
6
76 77 402 403 404 405 
0
0
SET-76
0
1
6
77 78 406 407 408 409 
0
0
SET-77
0
1
6
78 79 410 411 412 413 
0
0
SET-78
0
1
6
79 80 414 415 416 417 
0
0
SET-79
0
1
6
80 81 418 419 420 421 
0
0
SET-8
0
1
6
9 10 134 135 136 137 
0
0
SET-80
0
1
6
81 82 422 423 424 425 
0
0
SET-81
0
1
6
82 83 426 427 428 429 
0
0
SET-82
0
1
6
83 84 430 431 432 433 
0
0
SET-83
0
1
6
84 85 434 435 436 437 
0
0
SET-84
0
1
6
85 86 438 439 440 441 
0
0
SET-85
0
1
6
86 87 442 443 444 445 
0
0
SET-86
0
1
6
87 88 446 447 448 449 
0
0
SET-87
0
1
6
88 89 450 451 452 453 
0
0
SET-88
0
1
6
89 90 454 455 456 457 
0
0
SET-89
0
1
6
90 91 458 459 460 461 
0
0
SET-9
0
1
6
10 11 138 139 140 141 
0
0
SET-90
0
1
6
91 92 462 463 464 465 
0
0
SET-91
0
1
6
92 93 466 467 468 469 
0
0
SET-92
0
1
6
93 94 470 471 472 473 
0
0
SET-93
0
1
6
94 95 474 475 476 477 
0
0
SET-94
0
1
6
95 96 478 479 480 481 
0
0
SET-95
0
1
6
96 97 482 483 484 485 
0
0
SET-96
0
1
6
97 98 486 487 488 489 
0
0
SET-97
0
1
6
98 99 490 491 492 493 
0
0
SET-98
0
1
6
99 100 494 495 496 497 
0
0
SET-99
0
1
6
100 101 498 499 500 501 
0
0
0
0
0
